<?xml version="1.0" encoding="UTF-8"?>
<!-- Generated by org.testng.reporters.JUnitReportReporter -->
<testsuite skipped="0" hostname="QTLSYS0-222" name="tests.VQCAdminEncryption" tests="1" failures="0" timestamp="05 Feb 2020 10:15:08 GMT" time="91.918" errors="0">
  <testcase name="LOC_Default_DefaultPayment_Txn" time="91.918" classname="tests.VQCAdminEncryption"/>
</testsuite> <!-- tests.VQCAdminEncryption -->
