<?xml version="1.0" encoding="UTF-8"?>
<!-- Generated by org.testng.reporters.JUnitReportReporter -->
<testsuite skipped="0" hostname="QTLSYS2-72pc" name="tests.Java_programme" tests="1" failures="0" timestamp="29 Jul 2019 10:29:20 GMT" time="0.006" errors="0">
  <testcase name="testCase19" time="0.006" classname="tests.Java_programme"/>
</testsuite> <!-- tests.Java_programme -->
