<?xml version="1.0" encoding="UTF-8"?>
<!-- Generated by org.testng.reporters.JUnitReportReporter -->
<testsuite skipped="0" hostname="QTLSYS0-237" name="tests.QCStore" tests="23" failures="0" timestamp="20 Sep 2019 16:44:52 GMT" time="12333.764" errors="0">
  <testcase name="JQC_AgeStore_Deposit_PrePayment_Txn" time="444.867" classname="tests.QCStore"/>
  <testcase name="JQC_AgeStore_Deposit_PrePayment_Void_Txn" time="476.933" classname="tests.QCStore"/>
  <testcase name="JQC_AgeStore_Deposit_ClearDropdown_Txn" time="481.806" classname="tests.QCStore"/>
  <testcase name="JQC_AgeStore_Deposit_ClearMenu_Txn" time="619.365" classname="tests.QCStore"/>
  <testcase name="JQC_AgeStore_Deposit_AutoClear_Txn" time="551.262" classname="tests.QCStore"/>
  <testcase name="JQC_AgeStore_PrePayment_Return_Txn" time="652.105" classname="tests.QCStore"/>
  <testcase name="JQC_AgeStore_PrePayment_Clear_Txn" time="597.728" classname="tests.QCStore"/>
  <testcase name="JQC_AgeStore_NSFPosting_Refinance_Rescind_Txn" time="514.978" classname="tests.QCStore"/>
  <testcase name="JQC_AgeStore_ACHReturn_Refinance_Rescind_Txn" time="492.726" classname="tests.QCStore"/>
  <testcase name="JQC_AgeStore_Deposit_Return_Refinance_Txn" time="456.705" classname="tests.QCStore"/>
  <testcase name="JQC_AgeStore_Deposit_Return_Refinance_Void_Txn" time="490.659" classname="tests.QCStore"/>
  <testcase name="JQC_AgeStore_Refinance_Rescind_Txn" time="458.139" classname="tests.QCStore"/>
  <testcase name="JQC_AgeStore_Redeposit_Prepayment_Void_Prepayment_Return_Txn" time="734.109" classname="tests.QCStore"/>
  <testcase name="JQC_Return_ReDeposit_Clear_Txn" time="688.244" classname="tests.QCStore"/>
  <testcase name="JQC_BuyBack_Txn_Testdata" time="343.217" classname="tests.QCStore"/>
  <testcase name="JQC_BuyBack_Void_Txn_Testdata" time="378.581" classname="tests.QCStore"/>
  <testcase name="JQC_BuyBack_Rebate_Txn_Testdata" time="343.868" classname="tests.QCStore"/>
  <testcase name="JQC_BuyBack_Rebate_Void_Txn_Testdata" time="379.396" classname="tests.QCStore"/>
  <testcase name="JQC_ChkDeposit_RtnChk_ReDeposit_Payment_Void_Clear_Txn_Testdata" time="685.195" classname="tests.QCStore"/>
  <testcase name="JQC_Deposit_Return_EPP_Txn_Testdata" time="532.696" classname="tests.QCStore"/>
  <testcase name="JQC_EPP_AgestoreInstallmentwise_EPPPayment_Txn_Testdata" time="821.296" classname="tests.QCStore"/>
  <testcase name="JQC_PartialWORecovery_FullWORecovery_Void_Txn_Testdata" time="672.532" classname="tests.QCStore"/>
  <testcase name="JQC_EPP_Txn_Testdata" time="517.357" classname="tests.QCStore"/>
</testsuite> <!-- tests.QCStore -->
