<?xml version="1.0" encoding="UTF-8"?>
<!-- Generated by org.testng.reporters.JUnitReportReporter -->
<testsuite skipped="0" hostname="QTLSYS0-222" name="tests.QCStore" tests="1" failures="0" timestamp="19 Mar 2020 13:21:37 GMT" time="882.071" errors="0">
  <testcase name="LOC_WriteoffRecoveryReturn" time="882.071" classname="tests.QCStore"/>
</testsuite> <!-- tests.QCStore -->
