<?xml version="1.0" encoding="UTF-8"?>
<!-- Generated by org.testng.reporters.JUnitReportReporter -->
<testsuite skipped="0" hostname="QTLSYS0-222" name="tests.LendNation" tests="1" failures="0" timestamp="12 Feb 2020 04:35:05 GMT" time="12.561" errors="0">
  <testcase name="LOC_Default_DefaultPayment_Txn" time="12.561" classname="tests.LendNation"/>
</testsuite> <!-- tests.LendNation -->
