<?xml version="1.0" encoding="UTF-8"?>
<!-- Generated by org.testng.reporters.JUnitReportReporter -->
<testsuite skipped="0" hostname="QTLSYS0-222" name="tests.QCStore" tests="1" failures="0" timestamp="15 Jun 2020 06:18:59 GMT" time="26.692" errors="0">
  <testcase name="QC_Full_BuybackReturn_NSF_PaymentTxn" time="26.692" classname="tests.QCStore"/>
</testsuite> <!-- tests.QCStore -->
