<?xml version="1.0" encoding="UTF-8"?>
<!-- Generated by org.testng.reporters.JUnitReportReporter -->
<testsuite skipped="0" hostname="qtlsys2-66pc" name="tests.QCStore" tests="1" failures="0" timestamp="24 Mar 2019 18:26:24 GMT" time="3356.178" errors="0">
  <testcase name="QC_3Payments_Refinance_Semimonthly_StepUp_LoanAmt_Edit_Txn_Testdata" time="3356.178" classname="tests.QCStore"/>
</testsuite> <!-- tests.QCStore -->
