<?xml version="1.0" encoding="UTF-8"?>
<!-- Generated by org.testng.reporters.JUnitReportReporter -->
<testsuite skipped="0" hostname="QTLSYS2-72pc" name="tests.QCStore" tests="1" failures="0" timestamp="12 Apr 2019 06:10:31 GMT" time="613.452" errors="0">
  <testcase name="ILP_MidDay_Deposit" time="613.452" classname="tests.QCStore"/>
</testsuite> <!-- tests.QCStore -->
